<?xml version="1.0" encoding="UTF-8"?>
<!-- Generated by org.testng.reporters.JUnitReportReporter -->
<testsuite hostname="DESKTOP-EKTU0VS" failures="0" tests="1" name="practice.Sample2" time="7.133" errors="0" timestamp="2024-06-20T15:04:26 IST" skipped="0">
  <testcase classname="practice.Sample2" name="sample2" time="7.133"/>
</testsuite> <!-- practice.Sample2 -->
