<?xml version="1.0" encoding="UTF-8"?>
<!-- Generated by org.testng.reporters.JUnitReportReporter -->
<testsuite hostname="DESKTOP-EKTU0VS" failures="0" tests="1" name="practice.ResponseValidate.VerifyResponseHeaderTest" time="9.366" errors="0" timestamp="2024-08-16T16:21:13 IST" skipped="0">
  <testcase classname="practice.ResponseValidate.VerifyResponseHeaderTest" name="verifyHeader" time="9.366"/>
</testsuite> <!-- practice.ResponseValidate.VerifyResponseHeaderTest -->
