<?xml version="1.0" encoding="UTF-8"?>
<!-- Generated by org.testng.reporters.JUnitReportReporter -->
<testsuite hostname="DESKTOP-EKTU0VS" failures="0" tests="1" name="encryption.UpdatePayrollInfoViaAESEncryption" time="6.559" errors="0" timestamp="2024-06-26T13:21:47 IST" skipped="0">
  <testcase classname="encryption.UpdatePayrollInfoViaAESEncryption" name="sampleTest" time="6.559"/>
</testsuite> <!-- encryption.UpdatePayrollInfoViaAESEncryption -->
