<?xml version="1.0" encoding="UTF-8"?>
<!-- Generated by org.testng.reporters.JUnitReportReporter -->
<testsuite hostname="DESKTOP-EKTU0VS" failures="0" tests="1" name="com.Training.Practice.partialUpdateTest" time="5.708" errors="0" timestamp="2024-06-20T21:18:49 IST" skipped="0">
  <testcase classname="com.Training.Practice.partialUpdateTest" name="postTest" time="5.708"/>
</testsuite> <!-- com.Training.Practice.partialUpdateTest -->
