<?xml version="1.0" encoding="UTF-8"?>
<!-- Generated by org.testng.reporters.JUnitReportReporter -->
<testsuite hostname="DESKTOP-EKTU0VS" failures="0" tests="1" name="practice.SampleTest" time="19.829" errors="0" timestamp="2024-06-20T15:05:38 IST" skipped="0">
  <testcase classname="practice.SampleTest" name="sample" time="19.829"/>
</testsuite> <!-- practice.SampleTest -->
