<?xml version="1.0" encoding="UTF-8"?>
<!-- Generated by org.testng.reporters.JUnitReportReporter -->
<testsuite hostname="DESKTOP-EKTU0VS" failures="0" tests="10" name="ddt.addmultiple_test" time="8.031" errors="0" timestamp="2024-06-27T16:13:09 IST" skipped="0">
  <testcase classname="ddt.addmultiple_test" name="run" time="0.207"/>
  <testcase classname="ddt.addmultiple_test" name="run" time="0.131"/>
  <testcase classname="ddt.addmultiple_test" name="run" time="0.100"/>
  <testcase classname="ddt.addmultiple_test" name="run" time="0.078"/>
  <testcase classname="ddt.addmultiple_test" name="run" time="0.201"/>
  <testcase classname="ddt.addmultiple_test" name="run" time="0.134"/>
  <testcase classname="ddt.addmultiple_test" name="run" time="0.098"/>
  <testcase classname="ddt.addmultiple_test" name="run" time="0.102"/>
  <testcase classname="ddt.addmultiple_test" name="run" time="0.074"/>
  <testcase classname="ddt.addmultiple_test" name="run" time="6.906"/>
</testsuite> <!-- ddt.addmultiple_test -->
