<?xml version="1.0" encoding="UTF-8"?>
<!-- Generated by org.testng.reporters.JUnitReportReporter -->
<testsuite hostname="DESKTOP-EKTU0VS" failures="0" tests="1" name="typesOfParameter.ParamParameterTest" time="9.170" errors="0" timestamp="2024-08-11T16:53:55 IST" skipped="0">
  <testcase classname="typesOfParameter.ParamParameterTest" name="sampleTest" time="9.170"/>
</testsuite> <!-- typesOfParameter.ParamParameterTest -->
