<?xml version="1.0" encoding="UTF-8"?>
<!-- Generated by org.testng.reporters.JUnitReportReporter -->
<testsuite hostname="DESKTOP-EKTU0VS" failures="0" tests="1" name="jsonSchema.SchemaValidator" time="11.170" errors="0" timestamp="2024-07-05T17:19:43 IST" skipped="0">
  <testcase classname="jsonSchema.SchemaValidator" name="testJsonSchemaValidation" time="11.170"/>
</testsuite> <!-- jsonSchema.SchemaValidator -->
