<?xml version="1.0" encoding="UTF-8"?>
<!-- Generated by org.testng.reporters.JUnitReportReporter -->
<testsuite hostname="DESKTOP-EKTU0VS" failures="0" tests="1" name="com.Training.Practice.CreateTest" time="5.607" errors="0" timestamp="2024-06-20T21:13:57 IST" skipped="0">
  <testcase classname="com.Training.Practice.CreateTest" name="postTest" time="5.607"/>
</testsuite> <!-- com.Training.Practice.CreateTest -->
