<?xml version="1.0" encoding="UTF-8"?>
<!-- Generated by org.testng.reporters.JUnitReportReporter -->
<testsuite hostname="DESKTOP-EKTU0VS" failures="0" tests="1" name="practice.PostRequestTypes.PostReq_Vai_HashMapObject" time="7.442" errors="0" timestamp="2024-06-21T17:39:00 IST" skipped="0">
  <testcase classname="practice.PostRequestTypes.PostReq_Vai_HashMapObject" name="postDataToServer" time="7.442"/>
</testsuite> <!-- practice.PostRequestTypes.PostReq_Vai_HashMapObject -->
