<?xml version="1.0" encoding="UTF-8"?>
<!-- Generated by org.testng.reporters.JUnitReportReporter -->
<testsuite hostname="DESKTOP-EKTU0VS" failures="0" tests="1" name="practice.PostRequestTypes.PostReq_Vai_JSONObject" time="6.684" errors="0" timestamp="2024-06-21T17:34:56 IST" skipped="0">
  <testcase classname="practice.PostRequestTypes.PostReq_Vai_JSONObject" name="postDataToServer" time="6.684"/>
</testsuite> <!-- practice.PostRequestTypes.PostReq_Vai_JSONObject -->
