<?xml version="1.0" encoding="UTF-8"?>
<!-- Generated by org.testng.reporters.JUnitReportReporter -->
<testsuite hostname="DESKTOP-EKTU0VS" failures="0" tests="1" name="pac.SampleTest" time="7.399" errors="0" timestamp="2024-06-19T18:22:00 IST" skipped="0">
  <testcase classname="pac.SampleTest" name="sample" time="7.399"/>
</testsuite> <!-- pac.SampleTest -->
