<?xml version="1.0" encoding="UTF-8"?>
<!-- Generated by org.testng.reporters.JUnitReportReporter -->
<testsuite hostname="DESKTOP-EKTU0VS" failures="0" tests="1" name="typesOfParameter.FormParameterTest" time="5.735" errors="0" timestamp="2024-08-11T16:54:44 IST" skipped="0">
  <testcase classname="typesOfParameter.FormParameterTest" name="sampleTest" time="5.735"/>
</testsuite> <!-- typesOfParameter.FormParameterTest -->
