<?xml version="1.0" encoding="UTF-8"?>
<!-- Generated by org.testng.reporters.JUnitReportReporter -->
<testsuite hostname="DESKTOP-EKTU0VS" failures="0" tests="1" name="practice.ResponseValidate.VerifyResponseBody_Via_JsonPath" time="11.447" errors="0" timestamp="2024-08-16T16:38:55 IST" skipped="0">
  <testcase classname="practice.ResponseValidate.VerifyResponseBody_Via_JsonPath" name="sampleTest" time="11.447"/>
</testsuite> <!-- practice.ResponseValidate.VerifyResponseBody_Via_JsonPath -->
