<?xml version="1.0" encoding="UTF-8"?>
<!-- Generated by org.testng.reporters.JUnitReportReporter -->
<testsuite hostname="DESKTOP-EKTU0VS" failures="0" tests="1" name="com.Sample.crud.withBDDTest.SampleTestForDeleteTest" time="5.346" errors="0" timestamp="2024-06-21T09:51:07 IST" skipped="0">
  <testcase classname="com.Sample.crud.withBDDTest.SampleTestForDeleteTest" name="DeleteDataFromServer" time="5.346"/>
</testsuite> <!-- com.Sample.crud.withBDDTest.SampleTestForDeleteTest -->
