<?xml version="1.0" encoding="UTF-8"?>
<!-- Generated by org.testng.reporters.JUnitReportReporter -->
<testsuite hostname="DESKTOP-EKTU0VS" failures="0" tests="1" name="encryption.API_EncodeTest" time="5.698" errors="0" timestamp="2024-06-26T15:13:48 IST" skipped="0">
  <testcase classname="encryption.API_EncodeTest" name="sampleTest" time="5.698"/>
</testsuite> <!-- encryption.API_EncodeTest -->
