<?xml version="1.0" encoding="UTF-8"?>
<!-- Generated by org.testng.reporters.JUnitReportReporter -->
<testsuite hostname="DESKTOP-EKTU0VS" failures="0" tests="1" name="encryption.AESEnpTest" time="0.359" errors="0" timestamp="2024-06-25T18:19:39 IST" skipped="0">
  <testcase classname="encryption.AESEnpTest" name="sampleTest" time="0.359"/>
</testsuite> <!-- encryption.AESEnpTest -->
