<?xml version="1.0" encoding="UTF-8"?>
<!-- Generated by org.testng.reporters.JUnitReportReporter -->
<testsuite hostname="DESKTOP-EKTU0VS" failures="0" tests="1" name="typesOfParameter.QueryParameter" time="6.568" errors="0" timestamp="2024-08-11T16:51:33 IST" skipped="0">
  <testcase classname="typesOfParameter.QueryParameter" name="sampleTest" time="6.568"/>
</testsuite> <!-- typesOfParameter.QueryParameter -->
