<?xml version="1.0" encoding="UTF-8"?>
<!-- Generated by org.testng.reporters.JUnitReportReporter -->
<testsuite hostname="DESKTOP-EKTU0VS" failures="0" tests="1" name="typesOfParameter.PathParameterTest" time="5.795" errors="0" timestamp="2024-08-11T16:46:39 IST" skipped="0">
  <testcase classname="typesOfParameter.PathParameterTest" name="sampleTest" time="5.795"/>
</testsuite> <!-- typesOfParameter.PathParameterTest -->
