<?xml version="1.0" encoding="UTF-8"?>
<!-- Generated by org.testng.reporters.JUnitReportReporter -->
<testsuite hostname="DESKTOP-EKTU0VS" failures="0" tests="1" name="practice.PostRequestTypes.PostReq_Vai_POJOClassTest" time="8.099" errors="0" timestamp="2024-07-15T11:47:07 IST" skipped="0">
  <testcase classname="practice.PostRequestTypes.PostReq_Vai_POJOClassTest" name="postDataToServer" time="8.099"/>
</testsuite> <!-- practice.PostRequestTypes.PostReq_Vai_POJOClassTest -->
