<?xml version="1.0" encoding="UTF-8"?>
<!-- Generated by org.testng.reporters.JUnitReportReporter -->
<testsuite hostname="DESKTOP-EKTU0VS" failures="0" tests="1" name="com.Training.Practice.DeleteTest" time="6.748" errors="0" timestamp="2024-06-20T21:19:26 IST" skipped="0">
  <testcase classname="com.Training.Practice.DeleteTest" name="postTest" time="6.748"/>
</testsuite> <!-- com.Training.Practice.DeleteTest -->
