<?xml version="1.0" encoding="UTF-8"?>
<!-- Generated by org.testng.reporters.JUnitReportReporter -->
<testsuite hostname="DESKTOP-EKTU0VS" failures="0" tests="1" name="authtest.BearerTokenAuthTest" time="5.943" errors="0" timestamp="2024-06-25T12:26:51 IST" skipped="0">
  <testcase classname="authtest.BearerTokenAuthTest" name="sampleTest" time="5.943"/>
</testsuite> <!-- authtest.BearerTokenAuthTest -->
