<?xml version="1.0" encoding="UTF-8"?>
<!-- Generated by org.testng.reporters.JUnitReportReporter -->
<testsuite hostname="DESKTOP-EKTU0VS" failures="0" tests="1" name="requestChaning.Scanario_2_AddEmployeeToProject" time="12.158" errors="0" timestamp="2024-06-26T12:58:05 IST" skipped="0">
  <testcase classname="requestChaning.Scanario_2_AddEmployeeToProject" name="sampleTest" time="12.158"/>
</testsuite> <!-- requestChaning.Scanario_2_AddEmployeeToProject -->
