<?xml version="1.0" encoding="UTF-8"?>
<!-- Generated by org.testng.reporters.JUnitReportReporter -->
<testsuite hostname="DESKTOP-EKTU0VS" failures="0" tests="1" name="ddt.AddMultipleProjectTest" time="4.767" errors="0" timestamp="2024-06-27T15:12:43 IST" skipped="0">
  <testcase classname="ddt.AddMultipleProjectTest" name="sampleTest" time="4.767"/>
</testsuite> <!-- ddt.AddMultipleProjectTest -->
