<?xml version="1.0" encoding="UTF-8"?>
<!-- Generated by org.testng.reporters.JUnitReportReporter -->
<testsuite hostname="DESKTOP-EKTU0VS" failures="0" tests="1" name="encryption.EncodeAndDecodeTest" time="0.036" errors="0" timestamp="2024-06-25T17:38:45 IST" skipped="0">
  <testcase classname="encryption.EncodeAndDecodeTest" name="sampleTest" time="0.036"/>
</testsuite> <!-- encryption.EncodeAndDecodeTest -->
