<?xml version="1.0" encoding="UTF-8"?>
<!-- Generated by org.testng.reporters.JUnitReportReporter -->
<testsuite hostname="DESKTOP-EKTU0VS" failures="0" tests="1" name="com.Sample.crud.withoutBDD.SimpleTestForCreateTest" time="6.077" errors="0" timestamp="2024-06-26T15:35:08 IST" skipped="0">
  <testcase classname="com.Sample.crud.withoutBDD.SimpleTestForCreateTest" name="postDataFromServer" time="6.077"/>
</testsuite> <!-- com.Sample.crud.withoutBDD.SimpleTestForCreateTest -->
