<?xml version="1.0" encoding="UTF-8"?>
<!-- Generated by org.testng.reporters.JUnitReportReporter -->
<testsuite hostname="DESKTOP-EKTU0VS" failures="0" tests="1" name="com.Sample.crud.withBDDTest.SimpleTestForReadTest" time="11.963" errors="0" timestamp="2024-07-22T09:37:00 IST" skipped="0">
  <testcase classname="com.Sample.crud.withBDDTest.SimpleTestForReadTest" name="getDataFromServer" time="11.963"/>
</testsuite> <!-- com.Sample.crud.withBDDTest.SimpleTestForReadTest -->
