<?xml version="1.0" encoding="UTF-8"?>
<!-- Generated by org.testng.reporters.JUnitReportReporter -->
<testsuite hostname="DESKTOP-EKTU0VS" failures="0" tests="1" name="authtest.Auth2_0_Test" time="8.180" errors="0" timestamp="2024-06-25T13:00:53 IST" skipped="0">
  <testcase classname="authtest.Auth2_0_Test" name="sampleTest" time="8.180"/>
</testsuite> <!-- authtest.Auth2_0_Test -->
