<?xml version="1.0" encoding="UTF-8"?>
<!-- Generated by org.testng.reporters.JUnitReportReporter -->
<testsuite hostname="DESKTOP-EKTU0VS" failures="0" tests="1" name="authtest.PremptiveAuthTest" time="5.486" errors="0" timestamp="2024-08-11T17:08:09 IST" skipped="0">
  <testcase classname="authtest.PremptiveAuthTest" name="sampleTest" time="5.486"/>
</testsuite> <!-- authtest.PremptiveAuthTest -->
