<?xml version="1.0" encoding="UTF-8"?>
<!-- Generated by org.testng.reporters.JUnitReportReporter -->
<testsuite hostname="DESKTOP-EKTU0VS" failures="0" tests="1" name="authtest.BasicAuthTest" time="5.615" errors="0" timestamp="2024-08-11T17:06:08 IST" skipped="0">
  <testcase classname="authtest.BasicAuthTest" name="sampleTest" time="5.615"/>
</testsuite> <!-- authtest.BasicAuthTest -->
