<?xml version="1.0" encoding="UTF-8"?>
<!-- Generated by org.testng.reporters.JUnitReportReporter -->
<testsuite hostname="DESKTOP-EKTU0VS" failures="0" tests="1" name="com.Sample.crud.withBDDTest.SampleTestForCompleteUpdateTest" time="6.811" errors="0" timestamp="2024-06-21T09:42:41 IST" skipped="0">
  <testcase classname="com.Sample.crud.withBDDTest.SampleTestForCompleteUpdateTest" name="putDataFromServer" time="6.811"/>
</testsuite> <!-- com.Sample.crud.withBDDTest.SampleTestForCompleteUpdateTest -->
