<?xml version="1.0" encoding="UTF-8"?>
<!-- Generated by org.testng.reporters.JUnitReportReporter -->
<testsuite hostname="DESKTOP-EKTU0VS" failures="0" tests="1" name="requestChaning.Scanario_1_Delete_Project" time="10.954" errors="0" timestamp="2024-06-24T13:05:41 IST" skipped="0">
  <testcase classname="requestChaning.Scanario_1_Delete_Project" name="postDataToServer" time="10.954"/>
</testsuite> <!-- requestChaning.Scanario_1_Delete_Project -->
