<?xml version="1.0" encoding="UTF-8"?>
<!-- Generated by org.testng.reporters.JUnitReportReporter -->
<testsuite hostname="DESKTOP-EKTU0VS" failures="0" tests="1" name="requestChaning.Scanario_3_getPayrollInfo" time="9.668" errors="0" timestamp="2024-06-26T12:58:54 IST" skipped="0">
  <testcase classname="requestChaning.Scanario_3_getPayrollInfo" name="sampleTest" time="9.668"/>
</testsuite> <!-- requestChaning.Scanario_3_getPayrollInfo -->
