<?xml version="1.0" encoding="UTF-8"?>
<!-- Generated by org.testng.reporters.JUnitReportReporter -->
<testsuite hostname="DESKTOP-EKTU0VS" failures="0" tests="1" name="com.Sample.crud.withoutBDD.SimpleTestForReadTest" time="5.643" errors="0" timestamp="2024-06-21T09:28:43 IST" skipped="0">
  <testcase classname="com.Sample.crud.withoutBDD.SimpleTestForReadTest" name="getDataFromServer" time="5.643"/>
</testsuite> <!-- com.Sample.crud.withoutBDD.SimpleTestForReadTest -->
