<?xml version="1.0" encoding="UTF-8"?>
<!-- Generated by org.testng.reporters.JUnitReportReporter -->
<testsuite hostname="DESKTOP-EKTU0VS" failures="0" tests="1" name="practice.ResponseValidate.VerifyData_ComplexJsonXpath" time="5.787" errors="0" timestamp="2024-08-11T16:29:35 IST" skipped="0">
  <testcase classname="practice.ResponseValidate.VerifyData_ComplexJsonXpath" name="sampleTest" time="5.787"/>
</testsuite> <!-- practice.ResponseValidate.VerifyData_ComplexJsonXpath -->
