<?xml version="1.0" encoding="UTF-8"?>
<!-- Generated by org.testng.reporters.JUnitReportReporter -->
<testsuite hostname="DESKTOP-EKTU0VS" failures="0" tests="1" name="authtest.DigestiveAuthTest" time="6.123" errors="0" timestamp="2024-08-11T17:07:00 IST" skipped="0">
  <testcase classname="authtest.DigestiveAuthTest" name="sampleTest" time="6.123"/>
</testsuite> <!-- authtest.DigestiveAuthTest -->
