<?xml version="1.0" encoding="UTF-8"?>
<!-- Generated by org.testng.reporters.JUnitReportReporter -->
<testsuite hostname="DESKTOP-EKTU0VS" failures="0" tests="1" name="com.Sample.crud.withoutBDD.SampleTestForCompleteUpdateTest" time="7.061" errors="0" timestamp="2024-06-20T16:25:38 IST" skipped="0">
  <testcase classname="com.Sample.crud.withoutBDD.SampleTestForCompleteUpdateTest" name="putDataFromServer" time="7.061"/>
</testsuite> <!-- com.Sample.crud.withoutBDD.SampleTestForCompleteUpdateTest -->
