<?xml version="1.0" encoding="UTF-8"?>
<!-- Generated by org.testng.reporters.JUnitReportReporter -->
<testsuite hostname="DESKTOP-EKTU0VS" failures="0" tests="1" name="practice.Run1" time="0.038" errors="0" timestamp="2024-06-19T18:42:06 IST" skipped="0">
  <testcase classname="practice.Run1" name="sampleTest" time="0.038"/>
</testsuite> <!-- practice.Run1 -->
