<?xml version="1.0" encoding="UTF-8"?>
<!-- Generated by org.testng.reporters.JUnitReportReporter -->
<testsuite hostname="DESKTOP-EKTU0VS" failures="0" tests="1" name="jsonSchema.SchemaValidatorWithObject" time="12.221" errors="0" timestamp="2024-07-05T17:27:54 IST" skipped="0">
  <testcase classname="jsonSchema.SchemaValidatorWithObject" name="testJsonSchemaValidation" time="12.221"/>
</testsuite> <!-- jsonSchema.SchemaValidatorWithObject -->
